#
# There is insufficient memory for the Java Runtime Environment to continue.
# Native memory allocation (mmap) failed to map 134217728 bytes. Error detail: G1 virtual space
# Possible reasons:
#   The system is out of physical RAM or swap space
#   This process is running with CompressedOops enabled, and the Java Heap may be blocking the growth of the native heap
# Possible solutions:
#   Reduce memory load on the system
#   Increase physical memory or swap space
#   Check if swap backing store is full
#   Decrease Java heap size (-Xmx/-Xms)
#   Decrease number of Java threads
#   Decrease Java thread stack sizes (-Xss)
#   Set larger code cache with -XX:ReservedCodeCacheSize=
#   JVM is running with Unscaled Compressed Oops mode in which the Java heap is
#     placed in the first 4GB address space. The Java Heap base address is the
#     maximum limit for the native heap growth. Please use -XX:HeapBaseMinAddress
#     to set the Java Heap base and to place the Java Heap above 4GB virtual address.
# This output file may be truncated or incomplete.
#
#  Out of Memory Error (os_windows.cpp:3603), pid=17640, tid=19296
#
# JRE version:  (21.0.3+9) (build )
# Java VM: OpenJDK 64-Bit Server VM (21.0.3+9-LTS, mixed mode, sharing, tiered, compressed oops, compressed class ptrs, g1 gc, windows-amd64)
# No core dump will be written. Minidumps are not enabled by default on client versions of Windows
#

---------------  S U M M A R Y ------------

Command Line: -XX:+ShowCodeDetailsInExceptionMessages RadioButtonDemo

Host: Intel(R) Core(TM) i5-6300U CPU @ 2.40GHz, 4 cores, 7G,  Windows 10 , 64 bit Build 19041 (10.0.19041.3636)
Time: Wed Jun 26 23:47:34 2024 E. Africa Standard Time elapsed time: 0.068194 seconds (0d 0h 0m 0s)

---------------  T H R E A D  ---------------

Current thread (0x000001aab03b9d70):  JavaThread "Unknown thread" [_thread_in_vm, id=19296, stack(0x0000000dd6100000,0x0000000dd6200000) (1024K)]

Stack: [0x0000000dd6100000,0x0000000dd6200000]
Native frames: (J=compiled Java code, j=interpreted, Vv=VM code, C=native code)
V  [jvm.dll+0x6c8699]
V  [jvm.dll+0x8a2061]
V  [jvm.dll+0x8a458e]
V  [jvm.dll+0x8a4c63]
V  [jvm.dll+0x27e476]
V  [jvm.dll+0x6c4e15]
V  [jvm.dll+0x6b9b0a]
V  [jvm.dll+0x3523ba]
V  [jvm.dll+0x359f66]
V  [jvm.dll+0x3ab1be]
V  [jvm.dll+0x3ab468]
V  [jvm.dll+0x3265fc]
V  [jvm.dll+0x32715b]
V  [jvm.dll+0x86b0b9]
V  [jvm.dll+0x3b81c1]
V  [jvm.dll+0x854318]
V  [jvm.dll+0x44c55e]
V  [jvm.dll+0x44e081]
C  [jli.dll+0x5278]
C  [ucrtbase.dll+0x21bb2]
C  [KERNEL32.DLL+0x17344]
C  [ntdll.dll+0x4cc91]


---------------  P R O C E S S  ---------------

Threads class SMR info:
_java_thread_list=0x00007ffdd375e048, length=0, elements={
}

Java Threads: ( => current thread )
Total: 0

Other Threads:
  0x000001aab050e5c0 WorkerThread "GC Thread#0"                     [id=11768, stack(0x0000000dd6200000,0x0000000dd6300000) (1024K)]
  0x000001aab051fa30 ConcurrentGCThread "G1 Main Marker"            [id=3348, stack(0x0000000dd6300000,0x0000000dd6400000) (1024K)]
  0x000001aab05206e0 WorkerThread "G1 Conc#0"                       [id=8932, stack(0x0000000dd6400000,0x0000000dd6500000) (1024K)]

[error occurred during error reporting (printing all threads), id 0xc0000005, EXCEPTION_ACCESS_VIOLATION (0xc0000005) at pc=0x00007ffdd2e68f27]
VM state: not at safepoint (not fully initialized)

VM Mutex/Monitor currently owned by a thread:  ([mutex/lock_event])
[0x00007ffdd37d2228] Heap_lock - owner thread: 0x000001aab03b9d70

Heap address: 0x0000000081c00000, size: 2020 MB, Compressed Oops mode: 32-bit

CDS archive(s) mapped at: [0x0000000000000000-0x0000000000000000-0x0000000000000000), size 0, SharedBaseAddress: 0x0000000800000000, ArchiveRelocationMode: 1.
Narrow klass base: 0x0000000000000000, Narrow klass shift: 0, Narrow klass range: 0x0

GC Precious Log:
 CardTable entry size: 512
 Card Set container configuration: InlinePtr #cards 5 size 8 Array Of Cards #cards 12 size 40 Howl #buckets 4 coarsen threshold 1843 Howl Bitmap #cards 512 size 80 coarsen threshold 460 Card regions per heap region 1 cards per card region 2048

Heap:
 garbage-first heap   total 0K, used 0K [0x0000000081c00000, 0x0000000100000000)
  region size 1024K, 0 young (0K), 0 survivors (0K)

[error occurred during error reporting (printing heap information), id 0xc0000005, EXCEPTION_ACCESS_VIOLATION (0xc0000005) at pc=0x00007ffdd3252069]
GC Heap History (0 events):
No events

Dll operation events (1 events):
Event: 0.020 Loaded shared library C:\Users\MOHAMED\AppData\Roaming\Code\User\globalStorage\pleiades.java-extension-pack-jdk\java\21\bin\java.dll

Deoptimization events (0 events):
No events

Classes loaded (0 events):
No events

Classes unloaded (0 events):
No events

Classes redefined (0 events):
No events

Internal exceptions (0 events):
No events

ZGC Phase Switch (0 events):
No events

VM Operations (0 events):
No events

Events (0 events):
No events


Dynamic libraries:
0x00007ff6183a0000 - 0x00007ff6183ae000 	C:\Users\MOHAMED\AppData\Roaming\Code\User\globalStorage\pleiades.java-extension-pack-jdk\java\21\bin\java.exe
0x00007ffe252f0000 - 0x00007ffe254e8000 	C:\WINDOWS\SYSTEM32\ntdll.dll
0x00007ffe237c0000 - 0x00007ffe2387d000 	C:\WINDOWS\System32\KERNEL32.DLL
0x00007ffe22ac0000 - 0x00007ffe22db6000 	C:\WINDOWS\System32\KERNELBASE.dll
0x00007ffe23230000 - 0x00007ffe23330000 	C:\WINDOWS\System32\ucrtbase.dll
0x00007ffe1c730000 - 0x00007ffe1c74b000 	C:\Users\MOHAMED\AppData\Roaming\Code\User\globalStorage\pleiades.java-extension-pack-jdk\java\21\bin\VCRUNTIME140.dll
0x00007ffe17160000 - 0x00007ffe17178000 	C:\Users\MOHAMED\AppData\Roaming\Code\User\globalStorage\pleiades.java-extension-pack-jdk\java\21\bin\jli.dll
0x00007ffe23890000 - 0x00007ffe23a2f000 	C:\WINDOWS\System32\USER32.dll
0x00007ffe08e90000 - 0x00007ffe0912a000 	C:\WINDOWS\WinSxS\amd64_microsoft.windows.common-controls_6595b64144ccf1df_6.0.19041.4355_none_60b8b9eb71f62e16\COMCTL32.dll
0x00007ffe229b0000 - 0x00007ffe229d2000 	C:\WINDOWS\System32\win32u.dll
0x00007ffe23a30000 - 0x00007ffe23ace000 	C:\WINDOWS\System32\msvcrt.dll
0x00007ffe233c0000 - 0x00007ffe233eb000 	C:\WINDOWS\System32\GDI32.dll
0x00007ffe23060000 - 0x00007ffe23177000 	C:\WINDOWS\System32\gdi32full.dll
0x00007ffe22dc0000 - 0x00007ffe22e5d000 	C:\WINDOWS\System32\msvcp_win.dll
0x00007ffe23530000 - 0x00007ffe2355f000 	C:\WINDOWS\System32\IMM32.DLL
0x00007ffe19800000 - 0x00007ffe1980c000 	C:\Users\MOHAMED\AppData\Roaming\Code\User\globalStorage\pleiades.java-extension-pack-jdk\java\21\bin\vcruntime140_1.dll
0x00007ffdf70a0000 - 0x00007ffdf712e000 	C:\Users\MOHAMED\AppData\Roaming\Code\User\globalStorage\pleiades.java-extension-pack-jdk\java\21\bin\msvcp140.dll
0x00007ffdd2b30000 - 0x00007ffdd38b2000 	C:\Users\MOHAMED\AppData\Roaming\Code\User\globalStorage\pleiades.java-extension-pack-jdk\java\21\bin\server\jvm.dll
0x00007ffe24cc0000 - 0x00007ffe24d70000 	C:\WINDOWS\System32\ADVAPI32.dll
0x00007ffe25210000 - 0x00007ffe252b0000 	C:\WINDOWS\System32\sechost.dll
0x00007ffe23610000 - 0x00007ffe23733000 	C:\WINDOWS\System32\RPCRT4.dll
0x00007ffe23030000 - 0x00007ffe23057000 	C:\WINDOWS\System32\bcrypt.dll
0x00007ffe24c50000 - 0x00007ffe24cbb000 	C:\WINDOWS\System32\WS2_32.dll
0x00007ffe22800000 - 0x00007ffe2284b000 	C:\WINDOWS\SYSTEM32\POWRPROF.dll
0x00007ffe12080000 - 0x00007ffe120a7000 	C:\WINDOWS\SYSTEM32\WINMM.dll
0x00007ffe17b10000 - 0x00007ffe17b1a000 	C:\WINDOWS\SYSTEM32\VERSION.dll
0x00007ffe227e0000 - 0x00007ffe227f2000 	C:\WINDOWS\SYSTEM32\UMPDC.dll
0x00007ffe21180000 - 0x00007ffe21192000 	C:\WINDOWS\SYSTEM32\kernel.appcore.dll
0x00007ffe16480000 - 0x00007ffe1648a000 	C:\Users\MOHAMED\AppData\Roaming\Code\User\globalStorage\pleiades.java-extension-pack-jdk\java\21\bin\jimage.dll
0x00007ffe1d6a0000 - 0x00007ffe1d884000 	C:\WINDOWS\SYSTEM32\DBGHELP.DLL
0x00007ffe17bf0000 - 0x00007ffe17c24000 	C:\WINDOWS\SYSTEM32\dbgcore.DLL
0x00007ffe229e0000 - 0x00007ffe22a62000 	C:\WINDOWS\System32\bcryptPrimitives.dll
0x00007ffe043e0000 - 0x00007ffe043ff000 	C:\Users\MOHAMED\AppData\Roaming\Code\User\globalStorage\pleiades.java-extension-pack-jdk\java\21\bin\java.dll

dbghelp: loaded successfully - version: 4.0.5 - missing functions: none
symbol engine: initialized successfully - sym options: 0x614 - pdb path: .;C:\Users\MOHAMED\AppData\Roaming\Code\User\globalStorage\pleiades.java-extension-pack-jdk\java\21\bin;C:\WINDOWS\SYSTEM32;C:\WINDOWS\WinSxS\amd64_microsoft.windows.common-controls_6595b64144ccf1df_6.0.19041.4355_none_60b8b9eb71f62e16;C:\Users\MOHAMED\AppData\Roaming\Code\User\globalStorage\pleiades.java-extension-pack-jdk\java\21\bin\server

VM Arguments:
jvm_args: -XX:+ShowCodeDetailsInExceptionMessages 
java_command: RadioButtonDemo
java_class_path (initial): C:\Users\MOHAMED\AppData\Roaming\Code\User\workspaceStorage\769c3fc5dcaaadc15f95f3c1fa1135b8\redhat.java\jdt_ws\java ass2_94a64bae\bin
Launcher Type: SUN_STANDARD

[Global flags]
     intx CICompilerCount                          = 3                                         {product} {ergonomic}
     uint ConcGCThreads                            = 1                                         {product} {ergonomic}
     uint G1ConcRefinementThreads                  = 4                                         {product} {ergonomic}
   size_t G1HeapRegionSize                         = 1048576                                   {product} {ergonomic}
    uintx GCDrainStackTargetSize                   = 64                                        {product} {ergonomic}
   size_t InitialHeapSize                          = 134217728                                 {product} {ergonomic}
   size_t MarkStackSize                            = 4194304                                   {product} {ergonomic}
   size_t MaxHeapSize                              = 2118123520                                {product} {ergonomic}
   size_t MinHeapDeltaBytes                        = 1048576                                   {product} {ergonomic}
   size_t MinHeapSize                              = 8388608                                   {product} {ergonomic}
    uintx NonNMethodCodeHeapSize                   = 5832780                                {pd product} {ergonomic}
    uintx NonProfiledCodeHeapSize                  = 122912730                              {pd product} {ergonomic}
    uintx ProfiledCodeHeapSize                     = 122912730                              {pd product} {ergonomic}
    uintx ReservedCodeCacheSize                    = 251658240                              {pd product} {ergonomic}
     bool SegmentedCodeCache                       = true                                      {product} {ergonomic}
     bool ShowCodeDetailsInExceptionMessages       = true                                   {manageable} {command line}
   size_t SoftMaxHeapSize                          = 2118123520                             {manageable} {ergonomic}
     bool UseCompressedOops                        = true                           {product lp64_product} {ergonomic}
     bool UseG1GC                                  = true                                      {product} {ergonomic}
     bool UseLargePagesIndividualAllocation        = false                                  {pd product} {ergonomic}

Logging:
Log output configuration:
 #0: stdout all=warning uptime,level,tags foldmultilines=false
 #1: stderr all=off uptime,level,tags foldmultilines=false

Environment Variables:
JAVA_HOME=C:\Users\MOHAMED\AppData\Roaming\Code\User\globalStorage\pleiades.java-extension-pack-jdk\java\21
PATH=C:\Users\MOHAMED\AppData\Roaming\Code\User\globalStorage\pleiades.java-extension-pack-jdk\gradle\latest\bin;C:\Users\MOHAMED\AppData\Roaming\Code\User\globalStorage\pleiades.java-extension-pack-jdk\maven\latest\bin;C:\Users\MOHAMED\AppData\Roaming\Code\User\globalStorage\pleiades.java-extension-pack-jdk\java\21\bin;C:\Program Files\Common Files\Oracle\Java\javapath;C:\Program Files (x86)\Common Files\Oracle\Java\javapath;C:\Python312\Scripts\;C:\Python312\;C:\Python311\Scripts\;C:\Python311\;C:\WINDOWS\system32;C:\WINDOWS;C:\WINDOWS\System32\Wbem;C:\WINDOWS\System32\WindowsPowerShell\v1.0\;C:\WINDOWS\System32\OpenSSH\;C:\Program Files\Microsoft VS Code\bin;C:\Program Files\Git\cmd;C:\msys64\mingw64\bin;C:\ProgramData\chocolatey\bin;C:\xampp\php;C:\Program Files\Microsoft SQL Server\150\Tools\Binn\;C:\Program Files\Microsoft SQL Server\Client SDK\ODBC\170\Tools\Binn\;C:\Program Files\dotnet\;C:\Program Files\nodejs\;C:\Program Files\MySQL\MySQL Shell 8.0\bin\;C:\Users\MOHAMED\AppData\Local\Microsoft\WindowsApps;C:\Program Files\JetBrains\DataGrip 2022.3.3\bin;;C:\Users\MOHAMED\.dotnet\tools;C:\Users\MOHAMED\AppData\Roaming\npm;C:\Users\MOHAMED\AppData\Local\GitHubDesktop\bin
USERNAME=MOHAMED
LANG=en_US.UTF-8
OS=Windows_NT
PROCESSOR_IDENTIFIER=Intel64 Family 6 Model 78 Stepping 3, GenuineIntel
TMP=C:\Users\MOHAMED\AppData\Local\Temp
TEMP=C:\Users\MOHAMED\AppData\Local\Temp




Periodic native trim disabled

---------------  S Y S T E M  ---------------

OS:
 Windows 10 , 64 bit Build 19041 (10.0.19041.3636)
OS uptime: 10 days 0:39 hours
Hyper-V role detected

CPU: total 4 (initial active 4) (2 cores per cpu, 2 threads per core) family 6 model 78 stepping 3 microcode 0xf0, cx8, cmov, fxsr, ht, mmx, 3dnowpref, sse, sse2, sse3, ssse3, sse4.1, sse4.2, popcnt, lzcnt, tsc, tscinvbit, avx, avx2, aes, erms, clmul, bmi1, bmi2, rtm, adx, fma, vzeroupper, clflush, clflushopt, hv, rdtscp, f16c
Processor Information for processor 0
  Max Mhz: 2496, Current Mhz: 1497, Mhz Limit: 2396
Processor Information for processor 1
  Max Mhz: 2496, Current Mhz: 2396, Mhz Limit: 2396
Processor Information for processor 2
  Max Mhz: 2496, Current Mhz: 2396, Mhz Limit: 2396
Processor Information for processor 3
  Max Mhz: 2496, Current Mhz: 2396, Mhz Limit: 2396

Memory: 4k page, system-wide physical 8072M (695M free)
TotalPageFile size 16264M (AvailPageFile size 66M)
current process WorkingSet (physical memory assigned to process): 10M, peak: 10M
current process commit charge ("private bytes"): 51M, peak: 179M

vm_info: OpenJDK 64-Bit Server VM (21.0.3+9-LTS) for windows-amd64 JRE (21.0.3+9-LTS), built on 2024-04-16T00:00:00Z by "admin" with MS VC++ 17.7 (VS2022)

END.
